<?xml version="1.0" encoding="UTF-8"?>
<testng-results skipped="0" failed="0" total="1" passed="1">
  <reporter-output>
  </reporter-output>
  <suite name="Default suite" duration-ms="13678" started-at="2018-12-27T22:14:23Z" finished-at="2018-12-27T22:14:37Z">
    <groups>
    </groups>
    <test name="Default test" duration-ms="13678" started-at="2018-12-27T22:14:23Z" finished-at="2018-12-27T22:14:37Z">
      <class name="Assessment.DDT">
        <test-method status="PASS" signature="setUp()[pri:0, instance:Assessment.DDT@5dfcfece]" name="setUp" is-config="true" duration-ms="7941" started-at="2018-12-28T00:14:24Z" finished-at="2018-12-28T00:14:32Z">
          <reporter-output>
          </reporter-output>
        </test-method> <!-- setUp -->
        <test-method status="PASS" signature="assessment(java.lang.String, java.lang.String, java.lang.String, java.lang.String, java.lang.String, java.lang.String)[pri:0, instance:Assessment.DDT@5dfcfece]" name="assessment" duration-ms="2526" started-at="2018-12-28T00:14:32Z" data-provider="getTestData" finished-at="2018-12-28T00:14:35Z">
          <params>
            <param index="0">
              <value>
                <![CDATA[Fname1]]>
              </value>
            </param>
            <param index="1">
              <value>
                <![CDATA[LName1]]>
              </value>
            </param>
            <param index="2">
              <value>
                <![CDATA[user1]]>
              </value>
            </param>
            <param index="3">
              <value>
                <![CDATA[Pass1]]>
              </value>
            </param>
            <param index="4">
              <value>
                <![CDATA[admin@mail.com]]>
              </value>
            </param>
            <param index="5">
              <value>
                <![CDATA[82555.0]]>
              </value>
            </param>
          </params>
          <reporter-output>
          </reporter-output>
        </test-method> <!-- assessment -->
        <test-method status="PASS" signature="tearDown()[pri:0, instance:Assessment.DDT@5dfcfece]" name="tearDown" is-config="true" duration-ms="2181" started-at="2018-12-28T00:14:35Z" finished-at="2018-12-28T00:14:37Z">
          <reporter-output>
          </reporter-output>
        </test-method> <!-- tearDown -->
      </class> <!-- Assessment.DDT -->
    </test> <!-- Default test -->
  </suite> <!-- Default suite -->
</testng-results>
